
> @vantage-lane/admin@0.1.0 test
> vitest


 DEV  v3.2.4 /Users/tomita/CascadeProjects/Vantage Lane Admin

 âœ“ apps/admin/tests/rls/rbac-cleanup.test.ts (13 tests) 6ms
 âœ“ apps/admin/entities/booking/lib/bookingStateMachine.test.ts (13 tests) 4ms
 âœ“ apps/admin/entities/customer/customer.test.ts (1 test) 3ms
stderr | apps/admin/features/bookings-table/hooks/useBookingCounts.test.ts > useBookingCounts > should handle fetch errors
[useBookingCounts] Error: Error: Network error
    at [90m/Users/tomita/CascadeProjects/Vantage Lane Admin/[39mapps/admin/features/bookings-table/hooks/useBookingCounts.test.ts:58:49
    at [90mfile:///Users/tomita/CascadeProjects/Vantage%20Lane%20Admin/[39mnode_modules/[4m@vitest[24m/runner/dist/chunk-hooks.js:155:11
    at [90mfile:///Users/tomita/CascadeProjects/Vantage%20Lane%20Admin/[39mnode_modules/[4m@vitest[24m/runner/dist/chunk-hooks.js:752:26
    at [90mfile:///Users/tomita/CascadeProjects/Vantage%20Lane%20Admin/[39mnode_modules/[4m@vitest[24m/runner/dist/chunk-hooks.js:1897:20
    at new Promise (<anonymous>)
    at runWithTimeout [90m(file:///Users/tomita/CascadeProjects/Vantage%20Lane%20Admin/[39mnode_modules/[4m@vitest[24m/runner/dist/chunk-hooks.js:1863:10[90m)[39m
    at runTest [90m(file:///Users/tomita/CascadeProjects/Vantage%20Lane%20Admin/[39mnode_modules/[4m@vitest[24m/runner/dist/chunk-hooks.js:1574:12[90m)[39m
    at runSuite [90m(file:///Users/tomita/CascadeProjects/Vantage%20Lane%20Admin/[39mnode_modules/[4m@vitest[24m/runner/dist/chunk-hooks.js:1729:8[90m)[39m
    at runSuite [90m(file:///Users/tomita/CascadeProjects/Vantage%20Lane%20Admin/[39mnode_modules/[4m@vitest[24m/runner/dist/chunk-hooks.js:1729:8[90m)[39m
    at runFiles [90m(file:///Users/tomita/CascadeProjects/Vantage%20Lane%20Admin/[39mnode_modules/[4m@vitest[24m/runner/dist/chunk-hooks.js:1787:3[90m)[39m

stderr | apps/admin/features/bookings-table/hooks/useBookingCounts.test.ts > useBookingCounts > should handle non-ok responses
[useBookingCounts] Error: Error: Failed to fetch counts: Internal Server Error
    at fetchCounts [90m(/Users/tomita/CascadeProjects/Vantage Lane Admin/[39mapps/admin/features/bookings-table/hooks/useBookingCounts.ts:38:15[90m)[39m

stderr | apps/admin/features/bookings-table/hooks/useBookingCounts.test.ts > useBookingCounts > should provide refetch function
Warning: An update to TestComponent inside a test was not wrapped in act(...).

When testing, code that causes React state updates should be wrapped into act(...):

act(() => {
  /* fire events that update state */
});
/* assert on the output */

This ensures that you're testing the behavior the user would see in the browser. Learn more at https://reactjs.org/link/wrap-tests-with-act
    at TestComponent (/Users/tomita/CascadeProjects/Vantage Lane Admin/node_modules/@testing-library/react/dist/pure.js:329:5)
Warning: An update to TestComponent inside a test was not wrapped in act(...).

When testing, code that causes React state updates should be wrapped into act(...):

act(() => {
  /* fire events that update state */
});
/* assert on the output */

This ensures that you're testing the behavior the user would see in the browser. Learn more at https://reactjs.org/link/wrap-tests-with-act
    at TestComponent (/Users/tomita/CascadeProjects/Vantage Lane Admin/node_modules/@testing-library/react/dist/pure.js:329:5)

stderr | apps/admin/features/bookings-table/hooks/useBookingCounts.test.ts > useBookingCounts > should provide refetch function
Warning: An update to TestComponent inside a test was not wrapped in act(...).

When testing, code that causes React state updates should be wrapped into act(...):

act(() => {
  /* fire events that update state */
});
/* assert on the output */

This ensures that you're testing the behavior the user would see in the browser. Learn more at https://reactjs.org/link/wrap-tests-with-act
    at TestComponent (/Users/tomita/CascadeProjects/Vantage Lane Admin/node_modules/@testing-library/react/dist/pure.js:329:5)
Warning: An update to TestComponent inside a test was not wrapped in act(...).

When testing, code that causes React state updates should be wrapped into act(...):

act(() => {
  /* fire events that update state */
});
/* assert on the output */

This ensures that you're testing the behavior the user would see in the browser. Learn more at https://reactjs.org/link/wrap-tests-with-act
    at TestComponent (/Users/tomita/CascadeProjects/Vantage Lane Admin/node_modules/@testing-library/react/dist/pure.js:329:5)

stderr | apps/admin/features/bookings-table/hooks/useBookingCounts.test.ts > useBookingCounts > should handle refetch errors
Warning: An update to TestComponent inside a test was not wrapped in act(...).

When testing, code that causes React state updates should be wrapped into act(...):

act(() => {
  /* fire events that update state */
});
/* assert on the output */

This ensures that you're testing the behavior the user would see in the browser. Learn more at https://reactjs.org/link/wrap-tests-with-act
    at TestComponent (/Users/tomita/CascadeProjects/Vantage Lane Admin/node_modules/@testing-library/react/dist/pure.js:329:5)
Warning: An update to TestComponent inside a test was not wrapped in act(...).

When testing, code that causes React state updates should be wrapped into act(...):

act(() => {
  /* fire events that update state */
});
/* assert on the output */

This ensures that you're testing the behavior the user would see in the browser. Learn more at https://reactjs.org/link/wrap-tests-with-act
    at TestComponent (/Users/tomita/CascadeProjects/Vantage Lane Admin/node_modules/@testing-library/react/dist/pure.js:329:5)

stderr | apps/admin/features/bookings-table/hooks/useBookingCounts.test.ts > useBookingCounts > should handle refetch errors
Warning: An update to TestComponent inside a test was not wrapped in act(...).

When testing, code that causes React state updates should be wrapped into act(...):

act(() => {
  /* fire events that update state */
});
/* assert on the output */

This ensures that you're testing the behavior the user would see in the browser. Learn more at https://reactjs.org/link/wrap-tests-with-act
    at TestComponent (/Users/tomita/CascadeProjects/Vantage Lane Admin/node_modules/@testing-library/react/dist/pure.js:329:5)
[useBookingCounts] Error: Error: Refetch error
    at [90m/Users/tomita/CascadeProjects/Vantage Lane Admin/[39mapps/admin/features/bookings-table/hooks/useBookingCounts.test.ts:132:49
    at [90mfile:///Users/tomita/CascadeProjects/Vantage%20Lane%20Admin/[39mnode_modules/[4m@vitest[24m/runner/dist/chunk-hooks.js:752:20
Warning: An update to TestComponent inside a test was not wrapped in act(...).

When testing, code that causes React state updates should be wrapped into act(...):

act(() => {
  /* fire events that update state */
});
/* assert on the output */

This ensures that you're testing the behavior the user would see in the browser. Learn more at https://reactjs.org/link/wrap-tests-with-act
    at TestComponent (/Users/tomita/CascadeProjects/Vantage Lane Admin/node_modules/@testing-library/react/dist/pure.js:329:5)

 âœ“ apps/admin/features/bookings-table/hooks/useBookingCounts.test.ts (7 tests) 357ms
 âœ“ apps/admin/tests/contracts/users.test.ts (5 tests) 3ms
 âœ“ apps/admin/entities/user/model/schema.test.ts (1 test) 5ms
 âœ“ apps/admin/entities/driver/driver.test.ts (1 test) 3ms
 â¯ apps/admin/tests/contracts/bookings.test.ts (7 tests | 1 failed) 7ms
   âœ“ Bookings List Contract > Request Validation > should validate BookingsListRequest structure 1ms
   âœ“ Bookings List Contract > Request Validation > should validate filter values are within allowed enums 1ms
   Ã— Bookings List Contract > Response Structure > should validate BookingsListResponse structure 4ms
     â†’ expected 25 to deeply equal 2500
   âœ“ Bookings List Contract > Database Index Requirements > should define required indexes for optimal performance 0ms
   âœ“ Bookings RLS Policies > Admin Access > should allow admin users to view all bookings 0ms
   âœ“ Bookings RLS Policies > Customer Access > should allow customers to view only their own bookings 0ms
   âœ“ Bookings RLS Policies > Driver Access > should allow drivers to view their assigned bookings 0ms
 âœ“ apps/admin/entities/notification/notification.test.ts (1 test) 3ms
 âœ“ apps/admin/entities/admin/admin.test.ts (1 test) 3ms
 âœ“ apps/admin/entities/operator/operator.test.ts (1 test) 3ms
 âœ“ apps/admin/entities/booking/lib/calculatePrice.test.ts (9 tests) 3ms
 âœ“ apps/admin/tests/contracts/payments.test.ts (4 tests) 2ms
 â¯ apps/admin/entities/dispute/dispute.test.ts (1 test | 1 failed) 6ms
   Ã— Dispute Entity > should validate correct dispute data 6ms
     â†’ expected [Function] to not throw an error but '[\n  {\n    "expected": "string",\n  â€¦' was thrown
 â¯ apps/admin/entities/invoice/invoice.test.ts (1 test | 1 failed) 8ms
   Ã— Invoice Entity > should validate correct invoice data 7ms
     â†’ expected [Function] to not throw an error but '[\n  {\n    "expected": "string",\n  â€¦' was thrown
 â¯ apps/admin/entities/refund/refund.test.ts (1 test | 1 failed) 6ms
   Ã— Refund Entity > should validate correct refund data 6ms
     â†’ expected [Function] to not throw an error but '[\n  {\n    "expected": "string",\n  â€¦' was thrown
 âœ“ apps/admin/features/driver-verification/driver-verification.test.ts (1 test) 2ms
 âœ“ apps/admin/features/operators-table/operators-table.test.ts (1 test) 1ms
 âœ“ apps/admin/features/settings-vehicle-categories/settings-vehicle-categories.test.ts (1 test) 3ms
 âœ“ apps/admin/entities/payment/model/schema.test.ts (1 test) 3ms
 âœ“ apps/admin/features/user-create-modal/user-create-modal.test.ts (1 test) 1ms
 âœ“ apps/admin/features/document-viewer/document-viewer.test.ts (1 test) 1ms
 âœ“ apps/admin/features/user-edit-modal/user-edit-modal.test.ts (1 test) 1ms
 âœ“ apps/admin/features/prices-management/prices-management.test.ts (2 tests) 2ms
 âœ“ apps/admin/features/operator-drivers-list/operator-drivers-list.test.ts (1 test) 1ms
 âœ“ apps/admin/features/users-table-base/users-table-base.test.ts (1 test) 2ms
 âœ“ apps/admin/features/disputes-table/disputes-table.test.ts (1 test) 1ms
 âœ“ apps/admin/features/admins-table/admins-table.test.ts (1 test) 2ms
 âœ“ apps/admin/features/drivers-pending/drivers-pending.test.ts (1 test) 1ms
 âœ“ apps/admin/entities/user/api/listAllUsers.test.ts (1 test) 1ms
 âœ“ apps/admin/features/bookings-table/components/expanded/TripTypeSection.test.ts (1 test) 1ms
 âœ“ apps/admin/features/payments-table/index.test.ts (1 test) 1ms
 âœ“ apps/admin/features/payouts-table/index.test.ts (1 test) 1ms
 âœ“ apps/admin/features/drivers-table/drivers-table.test.ts (1 test) 1ms
 âœ“ apps/admin/features/notification-center/notification-center.test.ts (1 test) 3ms
 âœ“ apps/admin/features/settings-permissions/settings-permissions.test.ts (3 tests) 2ms
 âœ“ apps/admin/features/settings-commissions/settings-commissions.test.ts (1 test) 1ms
 âœ“ apps/admin/features/operator-dashboard/operator-dashboard.test.ts (1 test) 1ms
 âœ“ apps/admin/features/payments-overview/payments-overview.test.ts (1 test) 1ms
 âœ“ apps/admin/features/bookings-table/components/BookingsWithTabs.test.ts (1 test) 2ms
 âœ“ apps/admin/features/user-view-modal/user-view-modal.test.ts (1 test) 1ms
 âœ“ apps/admin/features/customers-table/customers-table.test.ts (1 test) 3ms
 âœ“ apps/admin/features/invoices-table/invoices-table.test.ts (1 test) 2ms
 âœ“ apps/admin/features/refunds-table/refunds-table.test.ts (1 test) 2ms
 âœ“ apps/admin/features/users-table/index.test.ts (1 test) 1ms

â¯â¯â¯â¯â¯â¯â¯ Failed Tests 4 â¯â¯â¯â¯â¯â¯â¯

 FAIL  apps/admin/entities/dispute/dispute.test.ts > Dispute Entity > should validate correct dispute data
AssertionError: expected [Function] to not throw an error but '[\n  {\n    "expected": "string",\n  â€¦' was thrown

[32m- Expected:[39m 
undefined

[31m+ Received:[39m 
"[
  {
    \"expected\": \"string\",
    \"code\": \"invalid_type\",
    \"path\": [
      \"bookingId\"
    ],
    \"message\": \"Invalid input: expected string, received undefined\"
  },
  {
    \"expected\": \"string\",
    \"code\": \"invalid_type\",
    \"path\": [
      \"paymentTransactionId\"
    ],
    \"message\": \"Invalid input: expected string, received undefined\"
  },
  {
    \"expected\": \"string\",
    \"code\": \"invalid_type\",
    \"path\": [
      \"stripeDisputeId\"
    ],
    \"message\": \"Invalid input: expected string, received undefined\"
  },
  {
    \"expected\": \"number\",
    \"code\": \"invalid_type\",
    \"path\": [
      \"amount\"
    ],
    \"message\": \"Invalid input: expected number, received undefined\"
  },
  {
    \"expected\": \"string\",
    \"code\": \"invalid_type\",
    \"path\": [
      \"currency\"
    ],
    \"message\": \"Invalid input: expected string, received undefined\"
  },
  {
    \"code\": \"invalid_value\",
    \"values\": [
      \"fraudulent\",
      \"duplicate\",
      \"subscription_canceled\",
      \"product_unacceptable\",
      \"product_not_received\",
      \"unrecognized\",
      \"credit_not_processed\",
      \"general\"
    ],
    \"path\": [
      \"reason\"
    ],
    \"message\": \"Invalid option: expected one of \\\"fraudulent\\\"|\\\"duplicate\\\"|\\\"subscription_canceled\\\"|\\\"product_unacceptable\\\"|\\\"product_not_received\\\"|\\\"unrecognized\\\"|\\\"credit_not_processed\\\"|\\\"general\\\"\"
  },
  {
    \"code\": \"invalid_value\",
    \"values\": [
      \"warning_needs_response\",
      \"warning_under_review\",
      \"warning_closed\",
      \"needs_response\",
      \"under_review\",
      \"charge_refunded\",
      \"won\",
      \"lost\"
    ],
    \"path\": [
      \"status\"
    ],
    \"message\": \"Invalid option: expected one of \\\"warning_needs_response\\\"|\\\"warning_under_review\\\"|\\\"warning_closed\\\"|\\\"needs_response\\\"|\\\"under_review\\\"|\\\"charge_refunded\\\"|\\\"won\\\"|\\\"lost\\\"\"
  },
  {
    \"expected\": \"object\",
    \"code\": \"invalid_type\",
    \"path\": [
      \"evidence\"
    ],
    \"message\": \"Invalid input: expected object, received undefined\"
  },
  {
    \"expected\": \"string\",
    \"code\": \"invalid_type\",
    \"path\": [
      \"evidenceDueBy\"
    ],
    \"message\": \"Invalid input: expected string, received undefined\"
  },
  {
    \"expected\": \"boolean\",
    \"code\": \"invalid_type\",
    \"path\": [
      \"isChargeRefundable\"
    ],
    \"message\": \"Invalid input: expected boolean, received undefined\"
  },
  {
    \"expected\": \"record\",
    \"code\": \"invalid_type\",
    \"path\": [
      \"metadata\"
    ],
    \"message\": \"Invalid input: expected record, received undefined\"
  }
]"

 â¯ apps/admin/entities/dispute/dispute.test.ts:16:53
     14|     };
     15| 
     16|     expect(() => validateDispute(validDispute)).not.toThrow();
       |                                                     ^
     17|   });
     18| 

â¯â¯â¯â¯â¯â¯â¯â¯â¯â¯â¯â¯â¯â¯â¯â¯â¯â¯â¯â¯â¯â¯â¯â¯[1/4]â¯

 FAIL  apps/admin/entities/invoice/invoice.test.ts > Invoice Entity > should validate correct invoice data
AssertionError: expected [Function] to not throw an error but '[\n  {\n    "expected": "string",\n  â€¦' was thrown

[32m- Expected:[39m 
undefined

[31m+ Received:[39m 
"[
  {
    \"expected\": \"string\",
    \"code\": \"invalid_type\",
    \"path\": [
      \"bookingId\"
    ],
    \"message\": \"Invalid input: expected string, received undefined\"
  },
  {
    \"expected\": \"string\",
    \"code\": \"invalid_type\",
    \"path\": [
      \"invoiceNumber\"
    ],
    \"message\": \"Invalid input: expected string, received undefined\"
  },
  {
    \"expected\": \"string\",
    \"code\": \"invalid_type\",
    \"path\": [
      \"customerName\"
    ],
    \"message\": \"Invalid input: expected string, received undefined\"
  },
  {
    \"expected\": \"string\",
    \"code\": \"invalid_type\",
    \"path\": [
      \"customerEmail\"
    ],
    \"message\": \"Invalid input: expected string, received undefined\"
  },
  {
    \"code\": \"invalid_value\",
    \"values\": [
      \"draft\",
      \"sent\",
      \"paid\",
      \"void\",
      \"overdue\"
    ],
    \"path\": [
      \"status\"
    ],
    \"message\": \"Invalid option: expected one of \\\"draft\\\"|\\\"sent\\\"|\\\"paid\\\"|\\\"void\\\"|\\\"overdue\\\"\"
  },
  {
    \"expected\": \"array\",
    \"code\": \"invalid_type\",
    \"path\": [
      \"lineItems\"
    ],
    \"message\": \"Invalid input: expected array, received undefined\"
  },
  {
    \"expected\": \"number\",
    \"code\": \"invalid_type\",
    \"path\": [
      \"subtotal\"
    ],
    \"message\": \"Invalid input: expected number, received undefined\"
  },
  {
    \"expected\": \"number\",
    \"code\": \"invalid_type\",
    \"path\": [
      \"tax\"
    ],
    \"message\": \"Invalid input: expected number, received undefined\"
  },
  {
    \"expected\": \"number\",
    \"code\": \"invalid_type\",
    \"path\": [
      \"total\"
    ],
    \"message\": \"Invalid input: expected number, received undefined\"
  },
  {
    \"expected\": \"string\",
    \"code\": \"invalid_type\",
    \"path\": [
      \"currency\"
    ],
    \"message\": \"Invalid input: expected string, received undefined\"
  },
  {
    \"expected\": \"string\",
    \"code\": \"invalid_type\",
    \"path\": [
      \"dueDate\"
    ],
    \"message\": \"Invalid input: expected string, received undefined\"
  },
  {
    \"expected\": \"string\",
    \"code\": \"invalid_type\",
    \"path\": [
      \"paidAt\"
    ],
    \"message\": \"Invalid input: expected string, received undefined\"
  },
  {
    \"expected\": \"string\",
    \"code\": \"invalid_type\",
    \"path\": [
      \"sentAt\"
    ],
    \"message\": \"Invalid input: expected string, received undefined\"
  },
  {
    \"expected\": \"string\",
    \"code\": \"invalid_type\",
    \"path\": [
      \"voidedAt\"
    ],
    \"message\": \"Invalid input: expected string, received undefined\"
  },
  {
    \"expected\": \"record\",
    \"code\": \"invalid_type\",
    \"path\": [
      \"metadata\"
    ],
    \"message\": \"Invalid input: expected record, received undefined\"
  }
]"

 â¯ apps/admin/entities/invoice/invoice.test.ts:16:53
     14|     };
     15| 
     16|     expect(() => validateInvoice(validInvoice)).not.toThrow();
       |                                                     ^
     17|   });
     18| 

â¯â¯â¯â¯â¯â¯â¯â¯â¯â¯â¯â¯â¯â¯â¯â¯â¯â¯â¯â¯â¯â¯â¯â¯[2/4]â¯

 FAIL  apps/admin/entities/refund/refund.test.ts > Refund Entity > should validate correct refund data
AssertionError: expected [Function] to not throw an error but '[\n  {\n    "expected": "string",\n  â€¦' was thrown

[32m- Expected:[39m 
undefined

[31m+ Received:[39m 
"[
  {
    \"expected\": \"string\",
    \"code\": \"invalid_type\",
    \"path\": [
      \"bookingId\"
    ],
    \"message\": \"Invalid input: expected string, received undefined\"
  },
  {
    \"expected\": \"string\",
    \"code\": \"invalid_type\",
    \"path\": [
      \"paymentTransactionId\"
    ],
    \"message\": \"Invalid input: expected string, received undefined\"
  },
  {
    \"expected\": \"string\",
    \"code\": \"invalid_type\",
    \"path\": [
      \"stripeRefundId\"
    ],
    \"message\": \"Invalid input: expected string, received undefined\"
  },
  {
    \"expected\": \"number\",
    \"code\": \"invalid_type\",
    \"path\": [
      \"amount\"
    ],
    \"message\": \"Invalid input: expected number, received undefined\"
  },
  {
    \"expected\": \"string\",
    \"code\": \"invalid_type\",
    \"path\": [
      \"currency\"
    ],
    \"message\": \"Invalid input: expected string, received undefined\"
  },
  {
    \"code\": \"invalid_value\",
    \"values\": [
      \"client_cancellation\",
      \"driver_no_show\",
      \"service_issue\",
      \"duplicate\",
      \"fraudulent\",
      \"other\"
    ],
    \"path\": [
      \"reason\"
    ],
    \"message\": \"Invalid option: expected one of \\\"client_cancellation\\\"|\\\"driver_no_show\\\"|\\\"service_issue\\\"|\\\"duplicate\\\"|\\\"fraudulent\\\"|\\\"other\\\"\"
  },
  {
    \"code\": \"invalid_value\",
    \"values\": [
      \"pending\",
      \"succeeded\",
      \"failed\",
      \"cancelled\"
    ],
    \"path\": [
      \"status\"
    ],
    \"message\": \"Invalid option: expected one of \\\"pending\\\"|\\\"succeeded\\\"|\\\"failed\\\"|\\\"cancelled\\\"\"
  },
  {
    \"expected\": \"string\",
    \"code\": \"invalid_type\",
    \"path\": [
      \"failureReason\"
    ],
    \"message\": \"Invalid input: expected string, received undefined\"
  },
  {
    \"expected\": \"record\",
    \"code\": \"invalid_type\",
    \"path\": [
      \"metadata\"
    ],
    \"message\": \"Invalid input: expected record, received undefined\"
  },
  {
    \"expected\": \"string\",
    \"code\": \"invalid_type\",
    \"path\": [
      \"processedAt\"
    ],
    \"message\": \"Invalid input: expected string, received undefined\"
  }
]"

 â¯ apps/admin/entities/refund/refund.test.ts:16:51
     14|     };
     15| 
     16|     expect(() => validateRefund(validRefund)).not.toThrow();
       |                                                   ^
     17|   });
     18| 

â¯â¯â¯â¯â¯â¯â¯â¯â¯â¯â¯â¯â¯â¯â¯â¯â¯â¯â¯â¯â¯â¯â¯â¯[3/4]â¯

 FAIL  apps/admin/tests/contracts/bookings.test.ts > Bookings List Contract > Response Structure > should validate BookingsListResponse structure
AssertionError: expected 25 to deeply equal 2500

[32m- Expected[39m
[31m+ Received[39m

[32m- 2500[39m
[31m+ 25[39m

 â¯ apps/admin/tests/contracts/bookings.test.ts:150:52
    148| 
    149|       expect(validResponse.data).toHaveLength(1);
    150|       expect(validResponse.data?.[0]?.fare_amount).toEqual(2500);
       |                                                    ^
    151|       expect(validResponse.pagination.total_count).toEqual(150);
    152|       expect(validResponse.performance.query_duration_ms).toBeLessThanâ€¦

â¯â¯â¯â¯â¯â¯â¯â¯â¯â¯â¯â¯â¯â¯â¯â¯â¯â¯â¯â¯â¯â¯â¯â¯[4/4]â¯


 Test Files  4 failed | 41 passed (45)
      Tests  4 failed | 95 passed (99)
   Start at  12:12:41
   Duration  7.54s (transform 1.19s, setup 0ms, collect 4.57s, tests 472ms, environment 16.16s, prepare 2.77s)

 FAIL  Tests failed. Watching for file changes...
       press h to show help, press q to quit
Cancelling test run. Press CTRL+c again to exit forcefully.

